d:\workspace\vhallclassroomreshow\vhallclasssdk\vhallpaassdk\vhallwebsocket\vhwebsocket\x64\debug\vhwebsocket.pch
d:\workspace\vhallclassroomreshow\vhallclasssdk\vhallpaassdk\vhallwebsocket\vhwebsocket\x64\debug\vc141.pdb
d:\workspace\vhallclassroomreshow\vhallclasssdk\vhallpaassdk\vhallwebsocket\vhwebsocket\x64\debug\vc141.idb
d:\workspace\vhallclassroomreshow\vhallclasssdk\vhallpaassdk\vhallwebsocket\vhwebsocket\x64\debug\stdafx.obj
d:\workspace\vhallclassroomreshow\vhallclasssdk\vhallpaassdk\vhallwebsocket\vhwebsocket\x64\debug\vhwebsocketimpl.obj
d:\workspace\vhallclassroomreshow\vhallclasssdk\vhallpaassdk\vhallwebsocket\vhwebsocket\x64\debug\vhwebsocket.obj
d:\workspace\vhallclassroomreshow\vhallclasssdk\vhallpaassdk\vhallwebsocket\vhwebsocket\x64\debug\message_wrapper.obj
d:\workspace\vhallclassroomreshow\vhallclasssdk\vhallpaassdk\vhallwebsocket\vhwebsocket\x64\debug\dllmain.obj
d:\workspace\vhallclassroomreshow\x64\debug\vhwebsocket.ilk
d:\workspace\vhallclassroomreshow\x64\debug\vhwebsocket.dll
d:\workspace\vhallclassroomreshow\x64\debug\vhwebsocket.pdb
d:\workspace\vhallclassroomreshow\x64\debug\vhwebsocket.lib
d:\workspace\vhallclassroomreshow\x64\debug\vhwebsocket.exp
d:\workspace\vhallclassroomreshow\vhallclasssdk\vhallpaassdk\vhallwebsocket\vhwebsocket\x64\debug\vhwebsocket.tlog\cl.command.1.tlog
d:\workspace\vhallclassroomreshow\vhallclasssdk\vhallpaassdk\vhallwebsocket\vhwebsocket\x64\debug\vhwebsocket.tlog\cl.read.1.tlog
d:\workspace\vhallclassroomreshow\vhallclasssdk\vhallpaassdk\vhallwebsocket\vhwebsocket\x64\debug\vhwebsocket.tlog\cl.write.1.tlog
d:\workspace\vhallclassroomreshow\vhallclasssdk\vhallpaassdk\vhallwebsocket\vhwebsocket\x64\debug\vhwebsocket.tlog\link.command.1.tlog
d:\workspace\vhallclassroomreshow\vhallclasssdk\vhallpaassdk\vhallwebsocket\vhwebsocket\x64\debug\vhwebsocket.tlog\link.read.1.tlog
d:\workspace\vhallclassroomreshow\vhallclasssdk\vhallpaassdk\vhallwebsocket\vhwebsocket\x64\debug\vhwebsocket.tlog\link.write.1.tlog
d:\workspace\vhallclassroomreshow\vhallclasssdk\vhallpaassdk\vhallwebsocket\vhwebsocket\x64\debug\vhwebsocket.tlog\vhwebsocket.write.1u.tlog
